<?xml version="1.0" encoding="UTF-8"?>
<!-- Generated by org.testng.reporters.JUnitXMLReporter -->
<testsuite hostname="LAPTOP-FLH173LL" ignored="0" name="Default test" tests="6" failures="0" timestamp="2020-06-11T22:12:32 IST" time="89.599" errors="0">
  <testcase name="validateOpenMenu" time="9.641" classname="com.org.tests.Headerboxtests"/>
  <testcase name="validateSearchBoxTest" time="7.391" classname="com.org.tests.Headerboxtests"/>
  <testcase name="validateSearchBoxTest" time="2.962" classname="com.org.tests.Headerboxtests"/>
  <testcase name="validateSearchBoxTest" time="4.835" classname="com.org.tests.Headerboxtests"/>
  <testcase name="validateSearchBoxTest" time="5.138" classname="com.org.tests.Headerboxtests"/>
  <testcase name="validateSearchBoxTest" time="6.372" classname="com.org.tests.Headerboxtests"/>
</testsuite> <!-- Default test -->
