<?xml version="1.0" encoding="UTF-8"?>
<!-- Generated by org.testng.reporters.JUnitXMLReporter -->
<testsuite hostname="LAPTOP-FLH173LL" ignored="0" name="Default test" tests="6" failures="0" timestamp="2020-06-06T23:29:19 IST" time="46.86" errors="0">
  <testcase name="validateOpenMenu" time="8.052" classname="com.org.tests.Headerboxtests"/>
  <testcase name="validateSearchBoxTest" time="4.508" classname="com.org.tests.Headerboxtests"/>
  <testcase name="validateSearchBoxTest" time="3.494" classname="com.org.tests.Headerboxtests"/>
  <testcase name="validateSearchBoxTest" time="7.192" classname="com.org.tests.Headerboxtests"/>
  <testcase name="validateSearchBoxTest" time="4.597" classname="com.org.tests.Headerboxtests"/>
  <testcase name="validateSearchBoxTest" time="2.128" classname="com.org.tests.Headerboxtests"/>
</testsuite> <!-- Default test -->
