<?xml version="1.0" encoding="UTF-8"?>
<!-- Generated by org.testng.reporters.JUnitXMLReporter -->
<testsuite hostname="LAPTOP-FLH173LL" ignored="0" name="Test" tests="5" failures="0" timestamp="2020-06-02T12:22:25 IST" time="50.96" errors="0">
  <testcase name="validateSearchBoxTest" time="4.362" classname="com.org.tests.Headerboxtests"/>
  <testcase name="validateSearchBoxTest" time="2.191" classname="com.org.tests.Headerboxtests"/>
  <testcase name="validateSearchBoxTest" time="2.012" classname="com.org.tests.Headerboxtests"/>
  <testcase name="validateSearchBoxTest" time="1.677" classname="com.org.tests.Headerboxtests"/>
  <testcase name="validateSearchBoxTest" time="1.418" classname="com.org.tests.Headerboxtests"/>
</testsuite> <!-- Test -->
