<?xml version="1.0" encoding="UTF-8"?>
<!-- Generated by org.testng.reporters.JUnitXMLReporter -->
<testsuite hostname="LAPTOP-FLH173LL" ignored="0" name="Test" tests="6" failures="0" timestamp="11 Jun 2020 17:48:37 GMT" time="152.003" errors="0">
  <testcase name="validateOpenMenu" time="11.914" classname="com.org.tests.Headerboxtests"/>
  <testcase name="validateSearchBoxTest" time="6.647" classname="com.org.tests.Headerboxtests"/>
  <testcase name="validateSearchBoxTest" time="4.201" classname="com.org.tests.Headerboxtests"/>
  <testcase name="validateSearchBoxTest" time="6.182" classname="com.org.tests.Headerboxtests"/>
  <testcase name="validateSearchBoxTest" time="5.048" classname="com.org.tests.Headerboxtests"/>
  <testcase name="validateSearchBoxTest" time="14.237" classname="com.org.tests.Headerboxtests"/>
</testsuite> <!-- Test -->
