<?xml version="1.0" encoding="UTF-8"?>
<!-- Generated by org.testng.reporters.JUnitXMLReporter -->
<testsuite hostname="LAPTOP-FLH173LL" ignored="0" name="Test" tests="6" failures="0" timestamp="07 Jun 2020 04:47:22 GMT" time="2.416" errors="0">
  <testcase name="@BeforeClass setUp" time="0.065" classname="com.org.base.TestBase">
    <failure type="java.lang.NullPointerException">
      <![CDATA[java.lang.NullPointerException
at java.util.Hashtable.put(Unknown Source)
at java.util.Properties.setProperty(Unknown Source)
at java.lang.System.setProperty(Unknown Source)
at com.org.base.TestBase.setUp(TestBase.java:25)
... Removed 30 stack frames]]>
    </failure>
  </testcase> <!-- @BeforeClass setUp -->
  <testcase name="@AfterClass teardown" time="0.0" classname="com.org.base.TestBase">
    <skipped/>
  </testcase> <!-- @AfterClass teardown -->
  <testcase name="validateOpenMenu" time="0.0" classname="com.org.tests.Headerboxtests">
    <skipped/>
  </testcase> <!-- validateOpenMenu -->
  <testcase name="validateSearchBoxTest" time="0.0" classname="com.org.tests.Headerboxtests">
    <skipped/>
  </testcase> <!-- validateSearchBoxTest -->
  <testcase name="validateSearchBoxTest" time="0.0" classname="com.org.tests.Headerboxtests">
    <skipped/>
  </testcase> <!-- validateSearchBoxTest -->
  <testcase name="validateSearchBoxTest" time="0.0" classname="com.org.tests.Headerboxtests">
    <skipped/>
  </testcase> <!-- validateSearchBoxTest -->
  <testcase name="validateSearchBoxTest" time="0.0" classname="com.org.tests.Headerboxtests">
    <skipped/>
  </testcase> <!-- validateSearchBoxTest -->
  <testcase name="validateSearchBoxTest" time="0.0" classname="com.org.tests.Headerboxtests">
    <skipped/>
  </testcase> <!-- validateSearchBoxTest -->
</testsuite> <!-- Test -->
