<?xml version="1.0" encoding="UTF-8"?>
<testng-results skipped="0" failed="0" ignored="0" total="6" passed="6">
  <reporter-output>
  </reporter-output>
  <suite name="Suite" duration-ms="152003" started-at="2020-06-11T17:46:05Z" finished-at="2020-06-11T17:48:37Z">
    <groups>
    </groups>
    <test name="Test" duration-ms="152003" started-at="2020-06-11T17:46:05Z" finished-at="2020-06-11T17:48:37Z">
      <class name="com.org.tests.Headerboxtests">
        <test-method status="PASS" signature="setUp()[pri:0, instance:com.org.tests.Headerboxtests@1275dab]" name="setUp" is-config="true" duration-ms="82472" started-at="2020-06-11T17:46:05Z" finished-at="2020-06-11T17:47:27Z">
          <reporter-output>
          </reporter-output>
        </test-method> <!-- setUp -->
        <test-method status="PASS" signature="validateOpenMenu()[pri:1, instance:com.org.tests.Headerboxtests@1275dab]" name="validateOpenMenu" duration-ms="11914" started-at="2020-06-11T17:47:27Z" finished-at="2020-06-11T17:47:39Z">
          <reporter-output>
          </reporter-output>
        </test-method> <!-- validateOpenMenu -->
        <test-method status="PASS" signature="validateSearchBoxTest(java.lang.String, java.lang.String)[pri:2, instance:com.org.tests.Headerboxtests@1275dab]" name="validateSearchBoxTest" duration-ms="6647" started-at="2020-06-11T17:47:55Z" data-provider="searchboxdata" finished-at="2020-06-11T17:48:01Z">
          <params>
            <param index="0">
              <value>
                <![CDATA[karnav]]>
              </value>
            </param>
            <param index="1">
              <value>
                <![CDATA[gupta]]>
              </value>
            </param>
          </params>
          <reporter-output>
          </reporter-output>
        </test-method> <!-- validateSearchBoxTest -->
        <test-method status="PASS" signature="validateSearchBoxTest(java.lang.String, java.lang.String)[pri:2, instance:com.org.tests.Headerboxtests@1275dab]" name="validateSearchBoxTest" duration-ms="4201" started-at="2020-06-11T17:48:01Z" data-provider="searchboxdata" finished-at="2020-06-11T17:48:05Z">
          <params>
            <param index="0">
              <value>
                <![CDATA[abc]]>
              </value>
            </param>
            <param index="1">
              <value>
                <![CDATA[]]>
              </value>
            </param>
          </params>
          <reporter-output>
          </reporter-output>
        </test-method> <!-- validateSearchBoxTest -->
        <test-method status="PASS" signature="validateSearchBoxTest(java.lang.String, java.lang.String)[pri:2, instance:com.org.tests.Headerboxtests@1275dab]" name="validateSearchBoxTest" duration-ms="6182" started-at="2020-06-11T17:48:05Z" data-provider="searchboxdata" finished-at="2020-06-11T17:48:12Z">
          <params>
            <param index="0">
              <value>
                <![CDATA[ravi]]>
              </value>
            </param>
            <param index="1">
              <value>
                <![CDATA[teja]]>
              </value>
            </param>
          </params>
          <reporter-output>
          </reporter-output>
        </test-method> <!-- validateSearchBoxTest -->
        <test-method status="PASS" signature="validateSearchBoxTest(java.lang.String, java.lang.String)[pri:2, instance:com.org.tests.Headerboxtests@1275dab]" name="validateSearchBoxTest" duration-ms="5048" started-at="2020-06-11T17:48:12Z" data-provider="searchboxdata" finished-at="2020-06-11T17:48:17Z">
          <params>
            <param index="0">
              <value>
                <![CDATA[]]>
              </value>
            </param>
            <param index="1">
              <value>
                <![CDATA[singh]]>
              </value>
            </param>
          </params>
          <reporter-output>
          </reporter-output>
        </test-method> <!-- validateSearchBoxTest -->
        <test-method status="PASS" signature="validateSearchBoxTest(java.lang.String, java.lang.String)[pri:2, instance:com.org.tests.Headerboxtests@1275dab]" name="validateSearchBoxTest" duration-ms="14237" started-at="2020-06-11T17:48:17Z" data-provider="searchboxdata" finished-at="2020-06-11T17:48:31Z">
          <params>
            <param index="0">
              <value>
                <![CDATA[rahul]]>
              </value>
            </param>
            <param index="1">
              <value>
                <![CDATA[gabbar]]>
              </value>
            </param>
          </params>
          <reporter-output>
          </reporter-output>
        </test-method> <!-- validateSearchBoxTest -->
        <test-method status="PASS" signature="teardown()[pri:0, instance:com.org.tests.Headerboxtests@1275dab]" name="teardown" is-config="true" duration-ms="5801" started-at="2020-06-11T17:48:31Z" finished-at="2020-06-11T17:48:37Z">
          <reporter-output>
          </reporter-output>
        </test-method> <!-- teardown -->
      </class> <!-- com.org.tests.Headerboxtests -->
    </test> <!-- Test -->
  </suite> <!-- Suite -->
</testng-results>
