<?xml version="1.0" encoding="UTF-8"?>
<testng-results skipped="0" failed="0" ignored="0" total="6" passed="6">
  <reporter-output>
  </reporter-output>
  <suite name="Default suite" duration-ms="89599" started-at="2020-06-11T22:11:01 IST" finished-at="2020-06-11T22:12:31 IST">
    <groups>
    </groups>
    <test name="Default test" duration-ms="89599" started-at="2020-06-11T22:11:01 IST" finished-at="2020-06-11T22:12:31 IST">
      <class name="com.org.tests.Headerboxtests">
        <test-method status="PASS" signature="setUp()[pri:0, instance:com.org.tests.Headerboxtests@1b26f7b2]" name="setUp" is-config="true" duration-ms="39720" started-at="2020-06-11T22:11:01 IST" finished-at="2020-06-11T22:11:41 IST">
          <reporter-output>
          </reporter-output>
        </test-method> <!-- setUp -->
        <test-method status="PASS" signature="validateOpenMenu()[pri:1, instance:com.org.tests.Headerboxtests@1b26f7b2]" name="validateOpenMenu" duration-ms="9641" started-at="2020-06-11T22:11:41 IST" finished-at="2020-06-11T22:11:51 IST">
          <reporter-output>
          </reporter-output>
        </test-method> <!-- validateOpenMenu -->
        <test-method status="PASS" signature="validateSearchBoxTest(java.lang.String, java.lang.String)[pri:2, instance:com.org.tests.Headerboxtests@1b26f7b2]" name="validateSearchBoxTest" duration-ms="7391" started-at="2020-06-11T22:11:57 IST" data-provider="searchboxdata" finished-at="2020-06-11T22:12:04 IST">
          <params>
            <param index="0">
              <value>
                <![CDATA[karnav]]>
              </value>
            </param>
            <param index="1">
              <value>
                <![CDATA[gupta]]>
              </value>
            </param>
          </params>
          <reporter-output>
          </reporter-output>
        </test-method> <!-- validateSearchBoxTest -->
        <test-method status="PASS" signature="validateSearchBoxTest(java.lang.String, java.lang.String)[pri:2, instance:com.org.tests.Headerboxtests@1b26f7b2]" name="validateSearchBoxTest" duration-ms="2962" started-at="2020-06-11T22:12:04 IST" data-provider="searchboxdata" finished-at="2020-06-11T22:12:07 IST">
          <params>
            <param index="0">
              <value>
                <![CDATA[abc]]>
              </value>
            </param>
            <param index="1">
              <value>
                <![CDATA[]]>
              </value>
            </param>
          </params>
          <reporter-output>
          </reporter-output>
        </test-method> <!-- validateSearchBoxTest -->
        <test-method status="PASS" signature="validateSearchBoxTest(java.lang.String, java.lang.String)[pri:2, instance:com.org.tests.Headerboxtests@1b26f7b2]" name="validateSearchBoxTest" duration-ms="4835" started-at="2020-06-11T22:12:07 IST" data-provider="searchboxdata" finished-at="2020-06-11T22:12:12 IST">
          <params>
            <param index="0">
              <value>
                <![CDATA[ravi]]>
              </value>
            </param>
            <param index="1">
              <value>
                <![CDATA[teja]]>
              </value>
            </param>
          </params>
          <reporter-output>
          </reporter-output>
        </test-method> <!-- validateSearchBoxTest -->
        <test-method status="PASS" signature="validateSearchBoxTest(java.lang.String, java.lang.String)[pri:2, instance:com.org.tests.Headerboxtests@1b26f7b2]" name="validateSearchBoxTest" duration-ms="5138" started-at="2020-06-11T22:12:12 IST" data-provider="searchboxdata" finished-at="2020-06-11T22:12:17 IST">
          <params>
            <param index="0">
              <value>
                <![CDATA[]]>
              </value>
            </param>
            <param index="1">
              <value>
                <![CDATA[singh]]>
              </value>
            </param>
          </params>
          <reporter-output>
          </reporter-output>
        </test-method> <!-- validateSearchBoxTest -->
        <test-method status="PASS" signature="validateSearchBoxTest(java.lang.String, java.lang.String)[pri:2, instance:com.org.tests.Headerboxtests@1b26f7b2]" name="validateSearchBoxTest" duration-ms="6372" started-at="2020-06-11T22:12:17 IST" data-provider="searchboxdata" finished-at="2020-06-11T22:12:24 IST">
          <params>
            <param index="0">
              <value>
                <![CDATA[rahul]]>
              </value>
            </param>
            <param index="1">
              <value>
                <![CDATA[gabbar]]>
              </value>
            </param>
          </params>
          <reporter-output>
          </reporter-output>
        </test-method> <!-- validateSearchBoxTest -->
        <test-method status="PASS" signature="teardown()[pri:0, instance:com.org.tests.Headerboxtests@1b26f7b2]" name="teardown" is-config="true" duration-ms="6935" started-at="2020-06-11T22:12:24 IST" finished-at="2020-06-11T22:12:31 IST">
          <reporter-output>
          </reporter-output>
        </test-method> <!-- teardown -->
      </class> <!-- com.org.tests.Headerboxtests -->
    </test> <!-- Default test -->
  </suite> <!-- Default suite -->
</testng-results>
